00000001	2:12:05.651	[2440] 02:12:05.186 Reload Chaos Program	
00000002	2:12:05.694	[2440] 02:12:05.186 Close Chaos Program	
00000003	2:12:06.320	[4760] 02:12:06.320 Start Chaos Program	
00000004	2:12:08.768	[4760] 02:12:08.762 Log Start. Version: 1.1 , Seed: 5434	
00000005	2:12:08.792	[4760] 02:12:08.791 Wanted3 Activated	
00000006	2:12:08.793	[4760] 02:12:08.7911 Wanted3 1	
00000007	2:12:29.950	[4760] 02:12:29.949 DoubleGravity Skipped	
00000008	2:12:29.950	[4760] 02:12:29.949 LowDPI Skipped	
00000009	2:12:29.950	[4760] 02:12:29.949 AngryDrivers Skipped	
00000010	2:12:29.950	[4760] 02:12:29.949 NoBounce Skipped	
00000011	2:12:29.950	[4760] 02:12:29.949 FrameLimiter15 Skipped	
00000012	2:12:29.950	[4760] 02:12:29.949 PitStop Activated	
00000013	2:12:29.951	[4760] 02:12:29.9491 PitStop 1	
00000014	2:12:35.014	[4760] 02:12:34.013 HalfGameSpeed Activated	
00000015	2:12:35.015	[4760] 02:12:34.0131 HalfGameSpeed 1	
00000016	2:13:06.470	[4760] 02:13:06.470 PhoneCall Skipped	
00000017	2:13:06.470	[4760] 02:13:06.470 QuarterDrawDistance Activated	
00000018	2:13:06.471	[4760] 02:13:06.4701 QuarterDrawDistance 1	
00000019	2:13:36.939	[4760] 02:13:36.938 Mirage Activated	
00000020	2:13:36.939	[4760] 02:13:36.9381 Mirage 1	
00000021	2:13:42.833	[4476] Performance counter available	
00000022	2:13:42.985	[4760] GameReloadedInTimedEffectLoop	
00000023	2:13:42.985	[4760] 02:13:42.985 Game Stopped	
00000024	2:13:43.005	[4476] Performance counter available	
00000025	2:13:43.097	[4760] 02:13:43.089 Log Start. Version: 1.1 , Seed: 5434	
00000026	2:13:43.121	[4760] 02:13:43.121 Home Skipped	
00000027	2:13:43.122	[4760] 02:13:43.121 AstralProjection Activated	
00000028	2:13:43.122	[4760] 02:13:43.1211 AstralProjection 1	
00000029	2:13:43.140	[4476] -----------------------------------------------------------------------------	
00000030	2:13:43.147	[4476] Exception at address: 0x0064DC1A 	
00000031	2:13:43.147	[4476] Last SCM executed: 0001 wait 	
00000032	2:13:43.147	[4476] In script thread:  psave8 	
00000033	2:13:43.147	[4476]  	
00000034	2:13:43.147	[4476] Last possible IDE:  224 	
00000035	2:13:43.147	[4476]  	
00000036	2:13:43.147	[4476] Registers ----------------------------------------------------------------------------- 	
00000037	2:13:43.147	[4476] EAX: 0x00000000 EBX: 0x00000004 ECX: 0x00000010 EDX: 0x00000004 	
00000038	2:13:43.147	[4476] ESI: 0x0E061650 EDI: 0x00000004 EBP: 0x0E061530 ESP: 0x0012F5E4 	
00000039	2:13:43.147	[4476] EFLAGS: 10000001000000010 	
00000040	2:13:43.147	[4476] -----------------------------------------------------------------------------	
00000041	2:13:43.149	[4476] -----------------------------------------------------------------------------	
00000042	2:13:43.150	[4476] Exception at address: 0x00FC1B63 	
00000043	2:13:43.150	[4476] Last SCM executed: 0001 wait 	
00000044	2:13:43.150	[4476] In script thread:  psave8 	
00000045	2:13:43.150	[4476]  	
00000046	2:13:43.150	[4476] Last possible IDE:  224 	
00000047	2:13:43.150	[4476]  	
00000048	2:13:43.150	[4476] Registers ----------------------------------------------------------------------------- 	
00000049	2:13:43.150	[4476] EAX: 0x00000000 EBX: 0x00000000 ECX: 0xFFFFFFFF EDX: 0x00008596 	
00000050	2:13:43.150	[4476] ESI: 0x011B4A5C EDI: 0x011B4A5C EBP: 0x00FD9704 ESP: 0x00129FD0 	
00000051	2:13:43.150	[4476] EFLAGS: 10000001001000110 	
00000052	2:13:43.150	[4476] -----------------------------------------------------------------------------	
00000053	2:13:43.153	[4476] -----------------------------------------------------------------------------	
00000054	2:13:43.153	[4476] Exception at address: 0x00FC1B63 	
00000055	2:13:43.153	[4476] Last SCM executed: 0001 wait 	
00000056	2:13:43.153	[4476] In script thread:  psave8 	
00000057	2:13:43.153	[4476]  	
00000058	2:13:43.153	[4476] Last possible IDE:  224 	
00000059	2:13:43.153	[4476]  	
00000060	2:13:43.153	[4476] Registers ----------------------------------------------------------------------------- 	
00000061	2:13:43.153	[4476] EAX: 0x00000000 EBX: 0x00000000 ECX: 0xFFFFFFFF EDX: 0x00008596 	
00000062	2:13:43.153	[4476] ESI: 0x011B4A5C EDI: 0x011B4A5C EBP: 0x00FD9704 ESP: 0x001249BC 	
00000063	2:13:43.153	[4476] EFLAGS: 10000001001000110 	
00000064	2:13:43.153	[4476] -----------------------------------------------------------------------------	
00000065	2:13:43.156	[4476] -----------------------------------------------------------------------------	
00000066	2:13:43.156	[4476] Exception at address: 0x00FC1B63 	
00000067	2:13:43.156	[4476] Last SCM executed: 0001 wait 	
00000068	2:13:43.156	[4476] In script thread:  psave8 	
00000069	2:13:43.156	[4476]  	
00000070	2:13:43.156	[4476] Last possible IDE:  224 	
00000071	2:13:43.156	[4476]  	
00000072	2:13:43.156	[4476] Registers ----------------------------------------------------------------------------- 	
00000073	2:13:43.156	[4476] EAX: 0x00000000 EBX: 0x00000000 ECX: 0xFFFFFFFF EDX: 0x00008596 	
00000074	2:13:43.156	[4476] ESI: 0x011B4A5C EDI: 0x011B4A5C EBP: 0x00FD9704 ESP: 0x0011F3A8 	
00000075	2:13:43.156	[4476] EFLAGS: 10000001001000110 	
00000076	2:13:43.156	[4476] -----------------------------------------------------------------------------	
00000077	2:13:43.159	[4476] -----------------------------------------------------------------------------	
00000078	2:13:43.160	[4476] Exception at address: 0x00FC1B63 	
00000079	2:13:43.160	[4476] Last SCM executed: 0001 wait 	
00000080	2:13:43.160	[4476] In script thread:  psave8 	
00000081	2:13:43.160	[4476]  	
00000082	2:13:43.160	[4476] Last possible IDE:  224 	
00000083	2:13:43.160	[4476]  	
00000084	2:13:43.160	[4476] Registers ----------------------------------------------------------------------------- 	
00000085	2:13:43.160	[4476] EAX: 0x00000000 EBX: 0x00000000 ECX: 0xFFFFFFFF EDX: 0x00008596 	
00000086	2:13:43.160	[4476] ESI: 0x011B4A5C EDI: 0x011B4A5C EBP: 0x00FD9704 ESP: 0x00119D94 	
00000087	2:13:43.160	[4476] EFLAGS: 10000001001000110 	
00000088	2:13:43.160	[4476] -----------------------------------------------------------------------------	
00000089	2:13:43.162	[4476] -----------------------------------------------------------------------------	
00000090	2:13:43.163	[4476] Exception at address: 0x00FC1B63 	
00000091	2:13:43.163	[4476] Last SCM executed: 0001 wait 	
00000092	2:13:43.163	[4476] In script thread:  psave8 	
00000093	2:13:43.163	[4476]  	
00000094	2:13:43.163	[4476] Last possible IDE:  224 	
00000095	2:13:43.163	[4476]  	
00000096	2:13:43.163	[4476] Registers ----------------------------------------------------------------------------- 	
00000097	2:13:43.163	[4476] EAX: 0x00000000 EBX: 0x00000000 ECX: 0xFFFFFFFF EDX: 0x00008596 	
00000098	2:13:43.163	[4476] ESI: 0x011B4A5C EDI: 0x011B4A5C EBP: 0x00FD9704 ESP: 0x00114780 	
00000099	2:13:43.163	[4476] EFLAGS: 10000001001000110 	
00000100	2:13:43.163	[4476] -----------------------------------------------------------------------------	
00000101	2:13:43.165	[4476] -----------------------------------------------------------------------------	
00000102	2:13:43.166	[4476] Exception at address: 0x00FC1B63 	
00000103	2:13:43.166	[4476] Last SCM executed: 0001 wait 	
00000104	2:13:43.166	[4476] In script thread:  psave8 	
00000105	2:13:43.166	[4476]  	
00000106	2:13:43.166	[4476] Last possible IDE:  224 	
00000107	2:13:43.166	[4476]  	
00000108	2:13:43.166	[4476] Registers ----------------------------------------------------------------------------- 	
00000109	2:13:43.166	[4476] EAX: 0x00000000 EBX: 0x00000000 ECX: 0xFFFFFFFF EDX: 0x00008596 	
00000110	2:13:43.166	[4476] ESI: 0x011B4A5C EDI: 0x011B4A5C EBP: 0x00FD9704 ESP: 0x0010F16C 	
00000111	2:13:43.166	[4476] EFLAGS: 10000001001000110 	
00000112	2:13:43.166	[4476] -----------------------------------------------------------------------------	
00000113	2:13:43.170	[4476] -----------------------------------------------------------------------------	
00000114	2:13:43.170	[4476] Exception at address: 0x00FC1B63 	
00000115	2:13:43.170	[4476] Last SCM executed: 0001 wait 	
00000116	2:13:43.170	[4476] In script thread:  psave8 	
00000117	2:13:43.170	[4476]  	
00000118	2:13:43.170	[4476] Last possible IDE:  224 	
00000119	2:13:43.170	[4476]  	
00000120	2:13:43.170	[4476] Registers ----------------------------------------------------------------------------- 	
00000121	2:13:43.170	[4476] EAX: 0x00000000 EBX: 0x00000000 ECX: 0xFFFFFFFF EDX: 0x00008596 	
00000122	2:13:43.170	[4476] ESI: 0x011B4A5C EDI: 0x011B4A5C EBP: 0x00FD9704 ESP: 0x00109B58 	
00000123	2:13:43.170	[4476] EFLAGS: 10000001001000110 	
00000124	2:13:43.170	[4476] -----------------------------------------------------------------------------	
00000125	2:13:43.173	[4476] -----------------------------------------------------------------------------	
00000126	2:13:43.174	[4476] Exception at address: 0x00FC1B63 	
00000127	2:13:43.174	[4476] Last SCM executed: 0001 wait 	
00000128	2:13:43.174	[4476] In script thread:  psave8 	
00000129	2:13:43.174	[4476]  	
00000130	2:13:43.174	[4476] Last possible IDE:  224 	
00000131	2:13:43.174	[4476]  	
00000132	2:13:43.174	[4476] Registers ----------------------------------------------------------------------------- 	
00000133	2:13:43.174	[4476] EAX: 0x00000000 EBX: 0x00000000 ECX: 0xFFFFFFFF EDX: 0x00008596 	
00000134	2:13:43.174	[4476] ESI: 0x011B4A5C EDI: 0x011B4A5C EBP: 0x00FD9704 ESP: 0x00104544 	
00000135	2:13:43.174	[4476] EFLAGS: 10000001001000110 	
00000136	2:13:43.174	[4476] -----------------------------------------------------------------------------	
00000137	2:13:43.176	[4476] -----------------------------------------------------------------------------	
00000138	2:13:43.177	[4476] Exception at address: 0x00FC1B63 	
00000139	2:13:43.177	[4476] Last SCM executed: 0001 wait 	
00000140	2:13:43.177	[4476] In script thread:  psave8 	
00000141	2:13:43.177	[4476]  	
00000142	2:13:43.177	[4476] Last possible IDE:  224 	
00000143	2:13:43.177	[4476]  	
00000144	2:13:43.177	[4476] Registers ----------------------------------------------------------------------------- 	
00000145	2:13:43.177	[4476] EAX: 0x00000000 EBX: 0x00000000 ECX: 0xFFFFFFFF EDX: 0x00008596 	
00000146	2:13:43.177	[4476] ESI: 0x011B4A5C EDI: 0x011B4A5C EBP: 0x00FD9704 ESP: 0x000FEF30 	
00000147	2:13:43.177	[4476] EFLAGS: 10000001001000110 	
00000148	2:13:43.177	[4476] -----------------------------------------------------------------------------	
00000149	2:13:43.179	[4476] -----------------------------------------------------------------------------	
00000150	2:13:43.180	[4476] Exception at address: 0x00FC1B63 	
00000151	2:13:43.180	[4476] Last SCM executed: 0001 wait 	
00000152	2:13:43.180	[4476] In script thread:  psave8 	
00000153	2:13:43.180	[4476]  	
00000154	2:13:43.180	[4476] Last possible IDE:  224 	
00000155	2:13:43.180	[4476]  	
00000156	2:13:43.180	[4476] Registers ----------------------------------------------------------------------------- 	
00000157	2:13:43.180	[4476] EAX: 0x00000000 EBX: 0x00000000 ECX: 0xFFFFFFFF EDX: 0x00008596 	
00000158	2:13:43.180	[4476] ESI: 0x011B4A5C EDI: 0x011B4A5C EBP: 0x00FD9704 ESP: 0x000F991C 	
00000159	2:13:43.180	[4476] EFLAGS: 10000001001000110 	
00000160	2:13:43.180	[4476] -----------------------------------------------------------------------------	
00000161	2:13:43.183	[4476] -----------------------------------------------------------------------------	
00000162	2:13:43.183	[4476] Exception at address: 0x00FC1B63 	
00000163	2:13:43.183	[4476] Last SCM executed: 0001 wait 	
00000164	2:13:43.183	[4476] In script thread:  psave8 	
00000165	2:13:43.183	[4476]  	
00000166	2:13:43.183	[4476] Last possible IDE:  224 	
00000167	2:13:43.183	[4476]  	
00000168	2:13:43.183	[4476] Registers ----------------------------------------------------------------------------- 	
00000169	2:13:43.183	[4476] EAX: 0x00000000 EBX: 0x00000000 ECX: 0xFFFFFFFF EDX: 0x00008596 	
00000170	2:13:43.183	[4476] ESI: 0x011B4A5C EDI: 0x011B4A5C EBP: 0x00FD9704 ESP: 0x000F4308 	
00000171	2:13:43.183	[4476] EFLAGS: 10000001001000110 	
00000172	2:13:43.183	[4476] -----------------------------------------------------------------------------	
00000173	2:13:43.186	[4476] -----------------------------------------------------------------------------	
00000174	2:13:43.186	[4476] Exception at address: 0x00FC1B63 	
00000175	2:13:43.186	[4476] Last SCM executed: 0001 wait 	
00000176	2:13:43.186	[4476] In script thread:  psave8 	
00000177	2:13:43.186	[4476]  	
00000178	2:13:43.186	[4476] Last possible IDE:  224 	
00000179	2:13:43.186	[4476]  	
00000180	2:13:43.186	[4476] Registers ----------------------------------------------------------------------------- 	
00000181	2:13:43.186	[4476] EAX: 0x00000000 EBX: 0x00000000 ECX: 0xFFFFFFFF EDX: 0x00008596 	
00000182	2:13:43.186	[4476] ESI: 0x011B4A5C EDI: 0x011B4A5C EBP: 0x00FD9704 ESP: 0x000EECF4 	
00000183	2:13:43.186	[4476] EFLAGS: 10000001001000110 	
00000184	2:13:43.187	[4476] -----------------------------------------------------------------------------	
00000185	2:13:43.191	[4476] -----------------------------------------------------------------------------	
00000186	2:13:43.192	[4476] Exception at address: 0x00FC1B63 	
00000187	2:13:43.192	[4476] Last SCM executed: 0001 wait 	
00000188	2:13:43.192	[4476] In script thread:  psave8 	
00000189	2:13:43.192	[4476]  	
00000190	2:13:43.192	[4476] Last possible IDE:  224 	
00000191	2:13:43.192	[4476]  	
00000192	2:13:43.192	[4476] Registers ----------------------------------------------------------------------------- 	
00000193	2:13:43.192	[4476] EAX: 0x00000000 EBX: 0x00000000 ECX: 0xFFFFFFFF EDX: 0x00008596 	
00000194	2:13:43.192	[4476] ESI: 0x011B4A5C EDI: 0x011B4A5C EBP: 0x00FD9704 ESP: 0x000E96E0 	
00000195	2:13:43.192	[4476] EFLAGS: 10000001001000110 	
00000196	2:13:43.192	[4476] -----------------------------------------------------------------------------	
00000197	2:13:43.194	[4476] -----------------------------------------------------------------------------	
00000198	2:13:43.195	[4476] Exception at address: 0x00FC1B63 	
00000199	2:13:43.195	[4476] Last SCM executed: 0001 wait 	
00000200	2:13:43.195	[4476] In script thread:  psave8 	
00000201	2:13:43.195	[4476]  	
00000202	2:13:43.195	[4476] Last possible IDE:  224 	
00000203	2:13:43.195	[4476]  	
00000204	2:13:43.195	[4476] Registers ----------------------------------------------------------------------------- 	
00000205	2:13:43.195	[4476] EAX: 0x00000000 EBX: 0x00000000 ECX: 0xFFFFFFFF EDX: 0x00008596 	
00000206	2:13:43.195	[4476] ESI: 0x011B4A5C EDI: 0x011B4A5C EBP: 0x00FD9704 ESP: 0x000E40CC 	
00000207	2:13:43.195	[4476] EFLAGS: 10000001001000110 	
00000208	2:13:43.195	[4476] -----------------------------------------------------------------------------	
00000209	2:13:43.197	[4476] -----------------------------------------------------------------------------	
00000210	2:13:43.198	[4476] Exception at address: 0x00FC1B63 	
00000211	2:13:43.198	[4476] Last SCM executed: 0001 wait 	
00000212	2:13:43.198	[4476] In script thread:  psave8 	
00000213	2:13:43.198	[4476]  	
00000214	2:13:43.198	[4476] Last possible IDE:  224 	
00000215	2:13:43.198	[4476]  	
00000216	2:13:43.198	[4476] Registers ----------------------------------------------------------------------------- 	
00000217	2:13:43.198	[4476] EAX: 0x00000000 EBX: 0x00000000 ECX: 0xFFFFFFFF EDX: 0x00008596 	
00000218	2:13:43.198	[4476] ESI: 0x011B4A5C EDI: 0x011B4A5C EBP: 0x00FD9704 ESP: 0x000DEAB8 	
00000219	2:13:43.198	[4476] EFLAGS: 10000001001000110 	
00000220	2:13:43.198	[4476] -----------------------------------------------------------------------------	
00000221	2:13:43.201	[4476] -----------------------------------------------------------------------------	
00000222	2:13:43.202	[4476] Exception at address: 0x00FC1B63 	
00000223	2:13:43.202	[4476] Last SCM executed: 0001 wait 	
00000224	2:13:43.202	[4476] In script thread:  psave8 	
00000225	2:13:43.202	[4476]  	
00000226	2:13:43.202	[4476] Last possible IDE:  224 	
00000227	2:13:43.202	[4476]  	
00000228	2:13:43.202	[4476] Registers ----------------------------------------------------------------------------- 	
00000229	2:13:43.202	[4476] EAX: 0x00000000 EBX: 0x00000000 ECX: 0xFFFFFFFF EDX: 0x00008596 	
00000230	2:13:43.202	[4476] ESI: 0x011B4A5C EDI: 0x011B4A5C EBP: 0x00FD9704 ESP: 0x000D94A4 	
00000231	2:13:43.202	[4476] EFLAGS: 10000001001000110 	
00000232	2:13:43.202	[4476] -----------------------------------------------------------------------------	
00000233	2:13:43.204	[4476] -----------------------------------------------------------------------------	
00000234	2:13:43.205	[4476] Exception at address: 0x00FC1B63 	
00000235	2:13:43.205	[4476] Last SCM executed: 0001 wait 	
00000236	2:13:43.205	[4476] In script thread:  psave8 	
00000237	2:13:43.205	[4476]  	
00000238	2:13:43.205	[4476] Last possible IDE:  224 	
00000239	2:13:43.205	[4476]  	
00000240	2:13:43.205	[4476] Registers ----------------------------------------------------------------------------- 	
00000241	2:13:43.205	[4476] EAX: 0x00000000 EBX: 0x00000000 ECX: 0xFFFFFFFF EDX: 0x00008596 	
00000242	2:13:43.205	[4476] ESI: 0x011B4A5C EDI: 0x011B4A5C EBP: 0x00FD9704 ESP: 0x000D3E90 	
00000243	2:13:43.205	[4476] EFLAGS: 10000001001000110 	
00000244	2:13:43.205	[4476] -----------------------------------------------------------------------------	
00000245	2:13:43.207	[4476] -----------------------------------------------------------------------------	
00000246	2:13:43.208	[4476] Exception at address: 0x00FC1B63 	
00000247	2:13:43.208	[4476] Last SCM executed: 0001 wait 	
00000248	2:13:43.208	[4476] In script thread:  psave8 	
00000249	2:13:43.208	[4476]  	
00000250	2:13:43.208	[4476] Last possible IDE:  224 	
00000251	2:13:43.208	[4476]  	
00000252	2:13:43.208	[4476] Registers ----------------------------------------------------------------------------- 	
00000253	2:13:43.208	[4476] EAX: 0x00000000 EBX: 0x00000000 ECX: 0xFFFFFFFF EDX: 0x00008596 	
00000254	2:13:43.208	[4476] ESI: 0x011B4A5C EDI: 0x011B4A5C EBP: 0x00FD9704 ESP: 0x000CE87C 	
00000255	2:13:43.208	[4476] EFLAGS: 10000001001000110 	
00000256	2:13:43.208	[4476] -----------------------------------------------------------------------------	
00000257	2:13:43.209	[4476] -----------------------------------------------------------------------------	
00000258	2:13:43.210	[4476] Exception at address: 0x00FC1B63 	
00000259	2:13:43.210	[4476] Last SCM executed: 0001 wait 	
00000260	2:13:43.210	[4476] In script thread:  psave8 	
00000261	2:13:43.210	[4476]  	
00000262	2:13:43.210	[4476] Last possible IDE:  224 	
00000263	2:13:43.210	[4476]  	
00000264	2:13:43.210	[4476] Registers ----------------------------------------------------------------------------- 	
00000265	2:13:43.210	[4476] EAX: 0x00000000 EBX: 0x00000000 ECX: 0xFFFFFFFF EDX: 0x00008596 	
00000266	2:13:43.210	[4476] ESI: 0x011B4A5C EDI: 0x011B4A5C EBP: 0x00FD9704 ESP: 0x000C9268 	
00000267	2:13:43.210	[4476] EFLAGS: 10000001001000110 	
00000268	2:13:43.210	[4476] -----------------------------------------------------------------------------	
00000269	2:13:43.212	[4476] -----------------------------------------------------------------------------	
00000270	2:13:43.213	[4476] Exception at address: 0x00FC1B63 	
00000271	2:13:43.213	[4476] Last SCM executed: 0001 wait 	
00000272	2:13:43.213	[4476] In script thread:  psave8 	
00000273	2:13:43.213	[4476]  	
00000274	2:13:43.213	[4476] Last possible IDE:  224 	
00000275	2:13:43.213	[4476]  	
00000276	2:13:43.213	[4476] Registers ----------------------------------------------------------------------------- 	
00000277	2:13:43.213	[4476] EAX: 0x00000000 EBX: 0x00000000 ECX: 0xFFFFFFFF EDX: 0x00008596 	
00000278	2:13:43.213	[4476] ESI: 0x011B4A5C EDI: 0x011B4A5C EBP: 0x00FD9704 ESP: 0x000C3C54 	
00000279	2:13:43.213	[4476] EFLAGS: 10000001001000110 	
00000280	2:13:43.213	[4476] -----------------------------------------------------------------------------	
00000281	2:13:43.216	[4476] -----------------------------------------------------------------------------	
00000282	2:13:43.216	[4476] Exception at address: 0x00FC1B63 	
00000283	2:13:43.216	[4476] Last SCM executed: 0001 wait 	
00000284	2:13:43.216	[4476] In script thread:  psave8 	
00000285	2:13:43.216	[4476]  	
00000286	2:13:43.216	[4476] Last possible IDE:  224 	
00000287	2:13:43.216	[4476]  	
00000288	2:13:43.216	[4476] Registers ----------------------------------------------------------------------------- 	
00000289	2:13:43.216	[4476] EAX: 0x00000000 EBX: 0x00000000 ECX: 0xFFFFFFFF EDX: 0x00008596 	
00000290	2:13:43.216	[4476] ESI: 0x011B4A5C EDI: 0x011B4A5C EBP: 0x00FD9704 ESP: 0x000BE640 	
00000291	2:13:43.216	[4476] EFLAGS: 10000001001000110 	
00000292	2:13:43.216	[4476] -----------------------------------------------------------------------------	
00000293	2:13:43.219	[4476] -----------------------------------------------------------------------------	
00000294	2:13:43.219	[4476] Exception at address: 0x00FC1B63 	
00000295	2:13:43.219	[4476] Last SCM executed: 0001 wait 	
00000296	2:13:43.219	[4476] In script thread:  psave8 	
00000297	2:13:43.219	[4476]  	
00000298	2:13:43.219	[4476] Last possible IDE:  224 	
00000299	2:13:43.219	[4476]  	
00000300	2:13:43.219	[4476] Registers ----------------------------------------------------------------------------- 	
00000301	2:13:43.219	[4476] EAX: 0x00000000 EBX: 0x00000000 ECX: 0xFFFFFFFF EDX: 0x00008596 	
00000302	2:13:43.219	[4476] ESI: 0x011B4A5C EDI: 0x011B4A5C EBP: 0x00FD9704 ESP: 0x000B902C 	
00000303	2:13:43.219	[4476] EFLAGS: 10000001001000110 	
00000304	2:13:43.220	[4476] -----------------------------------------------------------------------------	
00000305	2:13:43.222	[4476] -----------------------------------------------------------------------------	
00000306	2:13:43.223	[4476] Exception at address: 0x00FC1B63 	
00000307	2:13:43.223	[4476] Last SCM executed: 0001 wait 	
00000308	2:13:43.223	[4476] In script thread:  psave8 	
00000309	2:13:43.223	[4476]  	
00000310	2:13:43.223	[4476] Last possible IDE:  224 	
00000311	2:13:43.223	[4476]  	
00000312	2:13:43.223	[4476] Registers ----------------------------------------------------------------------------- 	
00000313	2:13:43.223	[4476] EAX: 0x00000000 EBX: 0x00000000 ECX: 0xFFFFFFFF EDX: 0x00008596 	
00000314	2:13:43.223	[4476] ESI: 0x011B4A5C EDI: 0x011B4A5C EBP: 0x00FD9704 ESP: 0x000B3A18 	
00000315	2:13:43.223	[4476] EFLAGS: 10000001001000110 	
00000316	2:13:43.223	[4476] -----------------------------------------------------------------------------	
00000317	2:13:43.225	[4476] -----------------------------------------------------------------------------	
00000318	2:13:43.226	[4476] Exception at address: 0x00FC1B63 	
00000319	2:13:43.226	[4476] Last SCM executed: 0001 wait 	
00000320	2:13:43.226	[4476] In script thread:  psave8 	
00000321	2:13:43.226	[4476]  	
00000322	2:13:43.226	[4476] Last possible IDE:  224 	
00000323	2:13:43.226	[4476]  	
00000324	2:13:43.226	[4476] Registers ----------------------------------------------------------------------------- 	
00000325	2:13:43.226	[4476] EAX: 0x00000000 EBX: 0x00000000 ECX: 0xFFFFFFFF EDX: 0x00008596 	
00000326	2:13:43.226	[4476] ESI: 0x011B4A5C EDI: 0x011B4A5C EBP: 0x00FD9704 ESP: 0x000AE404 	
00000327	2:13:43.226	[4476] EFLAGS: 10000001001000110 	
00000328	2:13:43.226	[4476] -----------------------------------------------------------------------------	
00000329	2:13:43.229	[4476] -----------------------------------------------------------------------------	
00000330	2:13:43.229	[4476] Exception at address: 0x00FC1B63 	
00000331	2:13:43.229	[4476] Last SCM executed: 0001 wait 	
00000332	2:13:43.229	[4476] In script thread:  psave8 	
00000333	2:13:43.229	[4476]  	
00000334	2:13:43.229	[4476] Last possible IDE:  224 	
00000335	2:13:43.229	[4476]  	
00000336	2:13:43.229	[4476] Registers ----------------------------------------------------------------------------- 	
00000337	2:13:43.229	[4476] EAX: 0x00000000 EBX: 0x00000000 ECX: 0xFFFFFFFF EDX: 0x00008596 	
00000338	2:13:43.229	[4476] ESI: 0x011B4A5C EDI: 0x011B4A5C EBP: 0x00FD9704 ESP: 0x000A8DF0 	
00000339	2:13:43.229	[4476] EFLAGS: 10000001001000110 	
00000340	2:13:43.229	[4476] -----------------------------------------------------------------------------	
00000341	2:13:43.232	[4476] -----------------------------------------------------------------------------	
00000342	2:13:43.233	[4476] Exception at address: 0x00FC1B63 	
00000343	2:13:43.233	[4476] Last SCM executed: 0001 wait 	
00000344	2:13:43.233	[4476] In script thread:  psave8 	
00000345	2:13:43.233	[4476]  	
00000346	2:13:43.233	[4476] Last possible IDE:  224 	
00000347	2:13:43.233	[4476]  	
00000348	2:13:43.233	[4476] Registers ----------------------------------------------------------------------------- 	
00000349	2:13:43.233	[4476] EAX: 0x00000000 EBX: 0x00000000 ECX: 0xFFFFFFFF EDX: 0x00008596 	
00000350	2:13:43.233	[4476] ESI: 0x011B4A5C EDI: 0x011B4A5C EBP: 0x00FD9704 ESP: 0x000A37DC 	
00000351	2:13:43.233	[4476] EFLAGS: 10000001001000110 	
00000352	2:13:43.233	[4476] -----------------------------------------------------------------------------	
00000353	2:13:43.236	[4476] -----------------------------------------------------------------------------	
00000354	2:13:43.236	[4476] Exception at address: 0x00FC1B63 	
00000355	2:13:43.236	[4476] Last SCM executed: 0001 wait 	
00000356	2:13:43.236	[4476] In script thread:  psave8 	
00000357	2:13:43.236	[4476]  	
00000358	2:13:43.236	[4476] Last possible IDE:  224 	
00000359	2:13:43.236	[4476]  	
00000360	2:13:43.236	[4476] Registers ----------------------------------------------------------------------------- 	
00000361	2:13:43.236	[4476] EAX: 0x00000000 EBX: 0x00000000 ECX: 0xFFFFFFFF EDX: 0x00008596 	
00000362	2:13:43.236	[4476] ESI: 0x011B4A5C EDI: 0x011B4A5C EBP: 0x00FD9704 ESP: 0x0009E1C8 	
00000363	2:13:43.236	[4476] EFLAGS: 10000001001000110 	
00000364	2:13:43.236	[4476] -----------------------------------------------------------------------------	
00000365	2:13:43.239	[4476] -----------------------------------------------------------------------------	
00000366	2:13:43.239	[4476] Exception at address: 0x00FC1B63 	
00000367	2:13:43.239	[4476] Last SCM executed: 0001 wait 	
00000368	2:13:43.239	[4476] In script thread:  psave8 	
00000369	2:13:43.239	[4476]  	
00000370	2:13:43.239	[4476] Last possible IDE:  224 	
00000371	2:13:43.239	[4476]  	
00000372	2:13:43.239	[4476] Registers ----------------------------------------------------------------------------- 	
00000373	2:13:43.239	[4476] EAX: 0x00000000 EBX: 0x00000000 ECX: 0xFFFFFFFF EDX: 0x00008596 	
00000374	2:13:43.239	[4476] ESI: 0x011B4A5C EDI: 0x011B4A5C EBP: 0x00FD9704 ESP: 0x00098BB4 	
00000375	2:13:43.239	[4476] EFLAGS: 10000001001000110 	
00000376	2:13:43.239	[4476] -----------------------------------------------------------------------------	
00000377	2:13:43.242	[4476] -----------------------------------------------------------------------------	
00000378	2:13:43.243	[4476] Exception at address: 0x00FC1B63 	
00000379	2:13:43.243	[4476] Last SCM executed: 0001 wait 	
00000380	2:13:43.243	[4476] In script thread:  psave8 	
00000381	2:13:43.243	[4476]  	
00000382	2:13:43.243	[4476] Last possible IDE:  224 	
00000383	2:13:43.243	[4476]  	
00000384	2:13:43.243	[4476] Registers ----------------------------------------------------------------------------- 	
00000385	2:13:43.243	[4476] EAX: 0x00000000 EBX: 0x00000000 ECX: 0xFFFFFFFF EDX: 0x00008596 	
00000386	2:13:43.243	[4476] ESI: 0x011B4A5C EDI: 0x011B4A5C EBP: 0x00FD9704 ESP: 0x000935A0 	
00000387	2:13:43.243	[4476] EFLAGS: 10000001001000110 	
00000388	2:13:43.243	[4476] -----------------------------------------------------------------------------	
00000389	2:13:43.245	[4476] -----------------------------------------------------------------------------	
00000390	2:13:43.246	[4476] Exception at address: 0x00FC1B63 	
00000391	2:13:43.246	[4476] Last SCM executed: 0001 wait 	
00000392	2:13:43.246	[4476] In script thread:  psave8 	
00000393	2:13:43.246	[4476]  	
00000394	2:13:43.246	[4476] Last possible IDE:  224 	
00000395	2:13:43.246	[4476]  	
00000396	2:13:43.246	[4476] Registers ----------------------------------------------------------------------------- 	
00000397	2:13:43.246	[4476] EAX: 0x00000000 EBX: 0x00000000 ECX: 0xFFFFFFFF EDX: 0x00008596 	
00000398	2:13:43.246	[4476] ESI: 0x011B4A5C EDI: 0x011B4A5C EBP: 0x00FD9704 ESP: 0x0008DF8C 	
00000399	2:13:43.246	[4476] EFLAGS: 10000001001000110 	
00000400	2:13:43.246	[4476] -----------------------------------------------------------------------------	
00000401	2:13:43.248	[4476] -----------------------------------------------------------------------------	
00000402	2:13:43.249	[4476] Exception at address: 0x00FC1B63 	
00000403	2:13:43.249	[4476] Last SCM executed: 0001 wait 	
00000404	2:13:43.249	[4476] In script thread:  psave8 	
00000405	2:13:43.249	[4476]  	
00000406	2:13:43.249	[4476] Last possible IDE:  224 	
00000407	2:13:43.249	[4476]  	
00000408	2:13:43.249	[4476] Registers ----------------------------------------------------------------------------- 	
00000409	2:13:43.249	[4476] EAX: 0x00000000 EBX: 0x00000000 ECX: 0xFFFFFFFF EDX: 0x00008596 	
00000410	2:13:43.249	[4476] ESI: 0x011B4A5C EDI: 0x011B4A5C EBP: 0x00FD9704 ESP: 0x00088978 	
00000411	2:13:43.249	[4476] EFLAGS: 10000001001000110 	
00000412	2:13:43.249	[4476] -----------------------------------------------------------------------------	
00000413	2:13:43.251	[4476] -----------------------------------------------------------------------------	
00000414	2:13:43.251	[4476] Exception at address: 0x00FC1B63 	
00000415	2:13:43.251	[4476] Last SCM executed: 0001 wait 	
00000416	2:13:43.251	[4476] In script thread:  psave8 	
00000417	2:13:43.251	[4476]  	
00000418	2:13:43.251	[4476] Last possible IDE:  224 	
00000419	2:13:43.251	[4476]  	
00000420	2:13:43.251	[4476] Registers ----------------------------------------------------------------------------- 	
00000421	2:13:43.251	[4476] EAX: 0x00000000 EBX: 0x00000000 ECX: 0xFFFFFFFF EDX: 0x00008596 	
00000422	2:13:43.251	[4476] ESI: 0x011B4A5C EDI: 0x011B4A5C EBP: 0x00FD9704 ESP: 0x00083364 	
00000423	2:13:43.251	[4476] EFLAGS: 10000001001000110 	
00000424	2:13:43.251	[4476] -----------------------------------------------------------------------------	
00000425	2:13:43.254	[4476] -----------------------------------------------------------------------------	
00000426	2:13:43.254	[4476] Exception at address: 0x00FC1B63 	
00000427	2:13:43.254	[4476] Last SCM executed: 0001 wait 	
00000428	2:13:43.254	[4476] In script thread:  psave8 	
00000429	2:13:43.254	[4476]  	
00000430	2:13:43.254	[4476] Last possible IDE:  224 	
00000431	2:13:43.254	[4476]  	
00000432	2:13:43.254	[4476] Registers ----------------------------------------------------------------------------- 	
00000433	2:13:43.254	[4476] EAX: 0x00000000 EBX: 0x00000000 ECX: 0xFFFFFFFF EDX: 0x00008596 	
00000434	2:13:43.254	[4476] ESI: 0x011B4A5C EDI: 0x011B4A5C EBP: 0x00FD9704 ESP: 0x0007DD50 	
00000435	2:13:43.254	[4476] EFLAGS: 10000001001000110 	
00000436	2:13:43.254	[4476] -----------------------------------------------------------------------------	
00000437	2:13:43.257	[4476] -----------------------------------------------------------------------------	
00000438	2:13:43.257	[4476] Exception at address: 0x00FC1B63 	
00000439	2:13:43.257	[4476] Last SCM executed: 0001 wait 	
00000440	2:13:43.257	[4476] In script thread:  psave8 	
00000441	2:13:43.257	[4476]  	
00000442	2:13:43.257	[4476] Last possible IDE:  224 	
00000443	2:13:43.257	[4476]  	
00000444	2:13:43.257	[4476] Registers ----------------------------------------------------------------------------- 	
00000445	2:13:43.257	[4476] EAX: 0x00000000 EBX: 0x00000000 ECX: 0xFFFFFFFF EDX: 0x00008596 	
00000446	2:13:43.257	[4476] ESI: 0x011B4A5C EDI: 0x011B4A5C EBP: 0x00FD9704 ESP: 0x0007873C 	
00000447	2:13:43.257	[4476] EFLAGS: 10000001001000110 	
00000448	2:13:43.257	[4476] -----------------------------------------------------------------------------	
00000449	2:13:43.260	[4476] -----------------------------------------------------------------------------	
00000450	2:13:43.261	[4476] Exception at address: 0x00FC1B63 	
00000451	2:13:43.261	[4476] Last SCM executed: 0001 wait 	
00000452	2:13:43.261	[4476] In script thread:  psave8 	
00000453	2:13:43.261	[4476]  	
00000454	2:13:43.261	[4476] Last possible IDE:  224 	
00000455	2:13:43.261	[4476]  	
00000456	2:13:43.261	[4476] Registers ----------------------------------------------------------------------------- 	
00000457	2:13:43.261	[4476] EAX: 0x00000000 EBX: 0x00000000 ECX: 0xFFFFFFFF EDX: 0x00008596 	
00000458	2:13:43.261	[4476] ESI: 0x011B4A5C EDI: 0x011B4A5C EBP: 0x00FD9704 ESP: 0x00073128 	
00000459	2:13:43.261	[4476] EFLAGS: 10000001001000110 	
00000460	2:13:43.261	[4476] -----------------------------------------------------------------------------	
00000461	2:13:43.263	[4476] -----------------------------------------------------------------------------	
00000462	2:13:43.263	[4476] Exception at address: 0x00FC1B63 	
00000463	2:13:43.263	[4476] Last SCM executed: 0001 wait 	
00000464	2:13:43.263	[4476] In script thread:  psave8 	
00000465	2:13:43.263	[4476]  	
00000466	2:13:43.263	[4476] Last possible IDE:  224 	
00000467	2:13:43.263	[4476]  	
00000468	2:13:43.263	[4476] Registers ----------------------------------------------------------------------------- 	
00000469	2:13:43.263	[4476] EAX: 0x00000000 EBX: 0x00000000 ECX: 0xFFFFFFFF EDX: 0x00008596 	
00000470	2:13:43.263	[4476] ESI: 0x011B4A5C EDI: 0x011B4A5C EBP: 0x00FD9704 ESP: 0x0006DB14 	
00000471	2:13:43.263	[4476] EFLAGS: 10000001001000110 	
00000472	2:13:43.263	[4476] -----------------------------------------------------------------------------	
00000478	2:16:04.059	[4760] GameReloadedInTimedEffectLoop	
00000479	2:16:04.061	[4760] 02:16:04.058 Game Stopped	
00000480	2:33:47.734	[4760] 02:33:47.731 Quicksave/Load Attempted	
